<?xml version="1.0" encoding="UTF-8"?>
<coverage generated="1592476395">
  <project timestamp="1592476395">
    <package name="AppBundle">
      <file name="/var/www/src/AppBundle/AppBundle.php">
        <class name="AppBundle\AppBundle" namespace="AppBundle">
          <metrics complexity="0" methods="0" coveredmethods="0" conditionals="0" coveredconditionals="0" statements="0" coveredstatements="0" elements="0" coveredelements="0"/>
        </class>
        <metrics loc="9" ncloc="9" classes="0" methods="0" coveredmethods="0" conditionals="0" coveredconditionals="0" statements="0" coveredstatements="0" elements="0" coveredelements="0"/>
      </file>
    </package>
    <package name="AppBundle\Command">
      <file name="/var/www/src/AppBundle/Command/CleanDataCommand.php">
        <class name="AppBundle\Command\CleanDataCommand" namespace="AppBundle\Command">
          <metrics complexity="7" methods="0" coveredmethods="0" conditionals="0" coveredconditionals="0" statements="0" coveredstatements="0" elements="0" coveredelements="0"/>
        </class>
        <metrics loc="90" ncloc="75" classes="0" methods="0" coveredmethods="0" conditionals="0" coveredconditionals="0" statements="0" coveredstatements="0" elements="0" coveredelements="0"/>
      </file>
      <file name="/var/www/src/AppBundle/Command/CleanupCommand.php">
        <class name="AppBundle\Command\CleanupCommand" namespace="AppBundle\Command">
          <metrics complexity="3" methods="3" coveredmethods="3" conditionals="0" coveredconditionals="0" statements="16" coveredstatements="16" elements="19" coveredelements="19"/>
        </class>
        <line num="22" type="method" name="__construct" visibility="public" complexity="1" crap="1" count="1"/>
        <line num="24" type="stmt" count="1"/>
        <line num="25" type="stmt" count="1"/>
        <line num="27" type="stmt" count="1"/>
        <line num="28" type="stmt" count="1"/>
        <line num="30" type="method" name="execute" visibility="protected" complexity="1" crap="1" count="1"/>
        <line num="32" type="stmt" count="1"/>
        <line num="33" type="stmt" count="1"/>
        <line num="35" type="stmt" count="1"/>
        <line num="38" type="method" name="deleteInactivateUsers" visibility="private" complexity="1" crap="1" count="1"/>
        <line num="40" type="stmt" count="1"/>
        <line num="41" type="stmt" count="1"/>
        <line num="43" type="stmt" count="1"/>
        <line num="44" type="stmt" count="1"/>
        <line num="45" type="stmt" count="1"/>
        <line num="46" type="stmt" count="1"/>
        <line num="47" type="stmt" count="1"/>
        <line num="49" type="stmt" count="1"/>
        <line num="51" type="stmt" count="1"/>
        <metrics loc="53" ncloc="51" classes="1" methods="3" coveredmethods="3" conditionals="0" coveredconditionals="0" statements="16" coveredstatements="16" elements="19" coveredelements="19"/>
      </file>
      <file name="/var/www/src/AppBundle/Command/MigrationsMigrateLockCommand.php">
        <class name="AppBundle\Command\MigrationsMigrateLockCommand" namespace="AppBundle\Command">
          <metrics complexity="11" methods="0" coveredmethods="0" conditionals="0" coveredconditionals="0" statements="0" coveredstatements="0" elements="0" coveredelements="0"/>
        </class>
        <metrics loc="120" ncloc="86" classes="0" methods="0" coveredmethods="0" conditionals="0" coveredconditionals="0" statements="0" coveredstatements="0" elements="0" coveredelements="0"/>
      </file>
      <file name="/var/www/src/AppBundle/Command/MigrationsStatusCheckCommand.php">
        <class name="AppBundle\Command\MigrationsStatusCheckCommand" namespace="AppBundle\Command">
          <metrics complexity="5" methods="0" coveredmethods="0" conditionals="0" coveredconditionals="0" statements="0" coveredstatements="0" elements="0" coveredelements="0"/>
        </class>
        <metrics loc="54" ncloc="43" classes="0" methods="0" coveredmethods="0" conditionals="0" coveredconditionals="0" statements="0" coveredstatements="0" elements="0" coveredelements="0"/>
      </file>
      <file name="/var/www/src/AppBundle/Command/ReportStatusUpdaterCommand.php">
        <class name="AppBundle\Command\ReportStatusUpdaterCommand" namespace="AppBundle\Command">
          <metrics complexity="7" methods="0" coveredmethods="0" conditionals="0" coveredconditionals="0" statements="0" coveredstatements="0" elements="0" coveredelements="0"/>
        </class>
        <metrics loc="67" ncloc="57" classes="0" methods="0" coveredmethods="0" conditionals="0" coveredconditionals="0" statements="0" coveredstatements="0" elements="0" coveredelements="0"/>
      </file>
    </package>
    <package name="AppBundle\Controller">
      <file name="/var/www/src/AppBundle/Controller/AuthController.php">
        <class name="AppBundle\Controller\AuthController" namespace="AppBundle\Controller">
          <metrics complexity="10" methods="3" coveredmethods="2" conditionals="0" coveredconditionals="0" statements="35" coveredstatements="34" elements="38" coveredelements="36"/>
        </class>
        <line num="26" type="method" name="login" visibility="public" complexity="8" crap="8" count="49"/>
        <line num="34" type="stmt" count="49"/>
        <line num="35" type="stmt" count="1"/>
        <line num="37" type="stmt" count="48"/>
        <line num="40" type="stmt" count="48"/>
        <line num="41" type="stmt" count="48"/>
        <line num="43" type="stmt" count="48"/>
        <line num="44" type="stmt" count="48"/>
        <line num="47" type="stmt" count="48"/>
        <line num="48" type="stmt" count="1"/>
        <line num="49" type="stmt" count="1"/>
        <line num="50" type="stmt" count="1"/>
        <line num="51" type="stmt" count="1"/>
        <line num="53" type="stmt" count="1"/>
        <line num="57" type="stmt" count="48"/>
        <line num="58" type="stmt" count="0"/>
        <line num="60" type="stmt" count="48"/>
        <line num="63" type="stmt" count="48"/>
        <line num="65" type="stmt" count="2"/>
        <line num="66" type="stmt" count="1"/>
        <line num="68" type="stmt" count="2"/>
        <line num="71" type="stmt" count="47"/>
        <line num="72" type="stmt" count="1"/>
        <line num="76" type="stmt" count="46"/>
        <line num="77" type="stmt" count="46"/>
        <line num="79" type="stmt" count="46"/>
        <line num="80" type="stmt" count="46"/>
        <line num="81" type="stmt" count="46"/>
        <line num="85" type="stmt" count="46"/>
        <line num="86" type="stmt" count="46"/>
        <line num="89" type="stmt" count="46"/>
        <line num="91" type="stmt" count="46"/>
        <line num="100" type="method" name="logout" visibility="public" complexity="1" crap="1" count="3"/>
        <line num="102" type="stmt" count="3"/>
        <line num="104" type="stmt" count="3"/>
        <line num="112" type="method" name="getLoggedUser" visibility="public" complexity="1" crap="1" count="2"/>
        <line num="114" type="stmt" count="2"/>
        <line num="116" type="stmt" count="2"/>
        <metrics loc="118" ncloc="81" classes="1" methods="3" coveredmethods="2" conditionals="0" coveredconditionals="0" statements="35" coveredstatements="34" elements="38" coveredelements="36"/>
      </file>
      <file name="/var/www/src/AppBundle/Controller/CasRecController.php">
        <class name="AppBundle\Controller\CasRecController" namespace="AppBundle\Controller">
          <metrics complexity="5" methods="3" coveredmethods="2" conditionals="0" coveredconditionals="0" statements="17" coveredstatements="9" elements="20" coveredelements="11"/>
        </class>
        <line num="30" type="method" name="deleteBySource" visibility="public" complexity="3" crap="3" count="2"/>
        <line num="32" type="stmt" count="2"/>
        <line num="33" type="stmt" count="1"/>
        <line num="36" type="stmt" count="1"/>
        <line num="38" type="stmt" count="1"/>
        <line num="46" type="method" name="verify" visibility="public" complexity="1" crap="2.00" count="0"/>
        <line num="48" type="stmt" count="0"/>
        <line num="49" type="stmt" count="0"/>
        <line num="51" type="stmt" count="0"/>
        <line num="52" type="stmt" count="0"/>
        <line num="53" type="stmt" count="0"/>
        <line num="54" type="stmt" count="0"/>
        <line num="55" type="stmt" count="0"/>
        <line num="58" type="stmt" count="0"/>
        <line num="65" type="method" name="userCount" visibility="public" complexity="1" crap="1" count="1"/>
        <line num="67" type="stmt" count="1"/>
        <line num="68" type="stmt" count="1"/>
        <line num="69" type="stmt" count="1"/>
        <line num="71" type="stmt" count="1"/>
        <line num="73" type="stmt" count="1"/>
        <metrics loc="75" ncloc="54" classes="1" methods="3" coveredmethods="2" conditionals="0" coveredconditionals="0" statements="17" coveredstatements="9" elements="20" coveredelements="11"/>
      </file>
      <file name="/var/www/src/AppBundle/Controller/ClientContactController.php">
        <class name="AppBundle\Controller\ClientContactController" namespace="AppBundle\Controller">
          <metrics complexity="6" methods="4" coveredmethods="0" conditionals="0" coveredconditionals="0" statements="31" coveredstatements="0" elements="35" coveredelements="0"/>
        </class>
        <line num="19" type="method" name="add" visibility="public" complexity="1" crap="2.00" count="0"/>
        <line num="21" type="stmt" count="0"/>
        <line num="22" type="stmt" count="0"/>
        <line num="24" type="stmt" count="0"/>
        <line num="25" type="stmt" count="0"/>
        <line num="26" type="stmt" count="0"/>
        <line num="27" type="stmt" count="0"/>
        <line num="40" type="stmt" count="0"/>
        <line num="41" type="stmt" count="0"/>
        <line num="42" type="stmt" count="0"/>
        <line num="44" type="stmt" count="0"/>
        <line num="54" type="method" name="update" visibility="public" complexity="1" crap="2.00" count="0"/>
        <line num="56" type="stmt" count="0"/>
        <line num="57" type="stmt" count="0"/>
        <line num="59" type="stmt" count="0"/>
        <line num="60" type="stmt" count="0"/>
        <line num="61" type="stmt" count="0"/>
        <line num="73" type="stmt" count="0"/>
        <line num="74" type="stmt" count="0"/>
        <line num="81" type="method" name="getOneById" visibility="public" complexity="2" crap="6.00" count="0"/>
        <line num="83" type="stmt" count="0"/>
        <line num="84" type="stmt" count="0"/>
        <line num="85" type="stmt" count="0"/>
        <line num="86" type="stmt" count="0"/>
        <line num="88" type="stmt" count="0"/>
        <line num="89" type="stmt" count="0"/>
        <line num="91" type="stmt" count="0"/>
        <line num="101" type="method" name="delete" visibility="public" complexity="2" crap="6.00" count="0"/>
        <line num="104" type="stmt" count="0"/>
        <line num="105" type="stmt" count="0"/>
        <line num="107" type="stmt" count="0"/>
        <line num="108" type="stmt" count="0"/>
        <line num="109" type="stmt" count="0"/>
        <line num="110" type="stmt" count="0"/>
        <line num="113" type="stmt" count="0"/>
        <metrics loc="115" ncloc="90" classes="1" methods="4" coveredmethods="0" conditionals="0" coveredconditionals="0" statements="31" coveredstatements="0" elements="35" coveredelements="0"/>
      </file>
      <file name="/var/www/src/AppBundle/Controller/ClientController.php">
        <class name="AppBundle\Controller\ClientController" namespace="AppBundle\Controller">
          <metrics complexity="22" methods="7" coveredmethods="3" conditionals="0" coveredconditionals="0" statements="56" coveredstatements="49" elements="63" coveredelements="52"/>
        </class>
        <line num="22" type="method" name="__construct" visibility="public" complexity="1" crap="1" count="12"/>
        <line num="24" type="stmt" count="12"/>
        <line num="25" type="stmt" count="12"/>
        <line num="34" type="method" name="upsertAction" visibility="public" complexity="12" crap="12" count="4"/>
        <line num="36" type="stmt" count="4"/>
        <line num="38" type="stmt" count="4"/>
        <line num="39" type="stmt" count="4"/>
        <line num="41" type="stmt" count="4"/>
        <line num="42" type="stmt" count="1"/>
        <line num="43" type="stmt" count="1"/>
        <line num="45" type="stmt" count="3"/>
        <line num="46" type="stmt" count="3"/>
        <line num="47" type="stmt" count="0"/>
        <line num="51" type="stmt" count="4"/>
        <line num="52" type="stmt" count="4"/>
        <line num="63" type="stmt" count="4"/>
        <line num="66" type="stmt" count="3"/>
        <line num="68" type="stmt" count="3"/>
        <line num="69" type="stmt" count="1"/>
        <line num="70" type="stmt" count="1"/>
        <line num="73" type="stmt" count="3"/>
        <line num="74" type="stmt" count="3"/>
        <line num="75" type="stmt" count="3"/>
        <line num="79" type="stmt" count="4"/>
        <line num="80" type="stmt" count="1"/>
        <line num="81" type="stmt" count="1"/>
        <line num="84" type="stmt" count="4"/>
        <line num="85" type="stmt" count="4"/>
        <line num="87" type="stmt" count="4"/>
        <line num="98" type="method" name="findByIdAction" visibility="public" complexity="4" crap="4.02" count="2"/>
        <line num="100" type="stmt" count="2"/>
        <line num="101" type="stmt" count="2"/>
        <line num="102" type="stmt" count="2"/>
        <line num="104" type="stmt" count="2"/>
        <line num="105" type="stmt" count="2"/>
        <line num="106" type="stmt" count="0"/>
        <line num="109" type="stmt" count="2"/>
        <line num="110" type="stmt" count="1"/>
        <line num="113" type="stmt" count="1"/>
        <line num="126" type="method" name="detailsAction" visibility="public" complexity="1" crap="1" count="1"/>
        <line num="128" type="stmt" count="1"/>
        <line num="130" type="stmt" count="1"/>
        <line num="132" type="stmt" count="1"/>
        <line num="141" type="method" name="archiveAction" visibility="public" complexity="2" crap="2.02" count="1"/>
        <line num="144" type="stmt" count="1"/>
        <line num="146" type="stmt" count="1"/>
        <line num="147" type="stmt" count="0"/>
        <line num="150" type="stmt" count="1"/>
        <line num="151" type="stmt" count="1"/>
        <line num="154" type="stmt" count="1"/>
        <line num="162" type="method" name="getAllAction" visibility="public" complexity="1" crap="1" count="1"/>
        <line num="164" type="stmt" count="1"/>
        <line num="166" type="stmt" count="1"/>
        <line num="167" type="stmt" count="1"/>
        <line num="168" type="stmt" count="1"/>
        <line num="169" type="stmt" count="1"/>
        <line num="170" type="stmt" count="1"/>
        <line num="171" type="stmt" count="1"/>
        <line num="179" type="method" name="deleteAction" visibility="public" complexity="1" crap="2.00" count="0"/>
        <line num="182" type="stmt" count="0"/>
        <line num="184" type="stmt" count="0"/>
        <line num="185" type="stmt" count="0"/>
        <line num="187" type="stmt" count="0"/>
        <metrics loc="189" ncloc="136" classes="1" methods="7" coveredmethods="3" conditionals="0" coveredconditionals="0" statements="56" coveredstatements="49" elements="63" coveredelements="52"/>
      </file>
      <file name="/var/www/src/AppBundle/Controller/CoDeputyController.php">
        <class name="AppBundle\Controller\CoDeputyController" namespace="AppBundle\Controller">
          <metrics complexity="14" methods="5" coveredmethods="0" conditionals="0" coveredconditionals="0" statements="52" coveredstatements="0" elements="57" coveredelements="0"/>
        </class>
        <line num="24" type="method" name="__construct" visibility="public" complexity="1" crap="2.00" count="0"/>
        <line num="26" type="stmt" count="0"/>
        <line num="27" type="stmt" count="0"/>
        <line num="33" type="method" name="countMld" visibility="public" complexity="1" crap="2.00" count="0"/>
        <line num="35" type="stmt" count="0"/>
        <line num="36" type="stmt" count="0"/>
        <line num="37" type="stmt" count="0"/>
        <line num="38" type="stmt" count="0"/>
        <line num="39" type="stmt" count="0"/>
        <line num="41" type="stmt" count="0"/>
        <line num="43" type="stmt" count="0"/>
        <line num="50" type="method" name="add" visibility="public" complexity="1" crap="2.00" count="0"/>
        <line num="52" type="stmt" count="0"/>
        <line num="53" type="stmt" count="0"/>
        <line num="57" type="stmt" count="0"/>
        <line num="58" type="stmt" count="0"/>
        <line num="60" type="stmt" count="0"/>
        <line num="61" type="stmt" count="0"/>
        <line num="62" type="stmt" count="0"/>
        <line num="63" type="stmt" count="0"/>
        <line num="64" type="stmt" count="0"/>
        <line num="66" type="stmt" count="0"/>
        <line num="68" type="stmt" count="0"/>
        <line num="70" type="stmt" count="0"/>
        <line num="77" type="method" name="update" visibility="public" complexity="5" crap="30.00" count="0"/>
        <line num="79" type="stmt" count="0"/>
        <line num="81" type="stmt" count="0"/>
        <line num="82" type="stmt" count="0"/>
        <line num="83" type="stmt" count="0"/>
        <line num="84" type="stmt" count="0"/>
        <line num="87" type="stmt" count="0"/>
        <line num="88" type="stmt" count="0"/>
        <line num="89" type="stmt" count="0"/>
        <line num="90" type="stmt" count="0"/>
        <line num="91" type="stmt" count="0"/>
        <line num="94" type="stmt" count="0"/>
        <line num="105" type="method" name="upgradeToMld" visibility="public" complexity="6" crap="42.00" count="0"/>
        <line num="107" type="stmt" count="0"/>
        <line num="109" type="stmt" count="0"/>
        <line num="111" type="stmt" count="0"/>
        <line num="112" type="stmt" count="0"/>
        <line num="113" type="stmt" count="0"/>
        <line num="115" type="stmt" count="0"/>
        <line num="116" type="stmt" count="0"/>
        <line num="118" type="stmt" count="0"/>
        <line num="119" type="stmt" count="0"/>
        <line num="122" type="stmt" count="0"/>
        <line num="123" type="stmt" count="0"/>
        <line num="124" type="stmt" count="0"/>
        <line num="125" type="stmt" count="0"/>
        <line num="129" type="stmt" count="0"/>
        <line num="130" type="stmt" count="0"/>
        <line num="131" type="stmt" count="0"/>
        <line num="132" type="stmt" count="0"/>
        <line num="133" type="stmt" count="0"/>
        <line num="136" type="stmt" count="0"/>
        <line num="137" type="stmt" count="0"/>
        <metrics loc="139" ncloc="111" classes="1" methods="5" coveredmethods="0" conditionals="0" coveredconditionals="0" statements="52" coveredstatements="0" elements="57" coveredelements="0"/>
      </file>
      <file name="/var/www/src/AppBundle/Controller/ManageController.php">
        <class name="AppBundle\Controller\ManageController" namespace="AppBundle\Controller">
          <metrics complexity="7" methods="3" coveredmethods="2" conditionals="0" coveredconditionals="0" statements="16" coveredstatements="8" elements="19" coveredelements="10"/>
        </class>
        <line num="15" type="method" name="availabilityAction" visibility="public" complexity="1" crap="1" count="1"/>
        <line num="17" type="stmt" count="1"/>
        <line num="20" type="stmt" count="1"/>
        <line num="21" type="stmt" count="1"/>
        <line num="22" type="stmt" count="1"/>
        <line num="25" type="stmt" count="1"/>
        <line num="31" type="method" name="elbAction" visibility="public" complexity="1" crap="1" count="1"/>
        <line num="33" type="stmt" count="1"/>
        <line num="39" type="method" name="dbInfo" visibility="private" complexity="5" crap="17.80" count="1"/>
        <line num="42" type="stmt" count="1"/>
        <line num="44" type="stmt" count="1"/>
        <line num="45" type="stmt" count="0"/>
        <line num="47" type="stmt" count="0"/>
        <line num="48" type="stmt" count="0"/>
        <line num="49" type="stmt" count="0"/>
        <line num="51" type="stmt" count="0"/>
        <line num="52" type="stmt" count="0"/>
        <line num="56" type="stmt" count="0"/>
        <line num="58" type="stmt" count="0"/>
        <metrics loc="61" ncloc="45" classes="1" methods="3" coveredmethods="2" conditionals="0" coveredconditionals="0" statements="16" coveredstatements="8" elements="19" coveredelements="10"/>
      </file>
      <file name="/var/www/src/AppBundle/Controller/NoteController.php">
        <class name="AppBundle\Controller\NoteController" namespace="AppBundle\Controller">
          <metrics complexity="6" methods="4" coveredmethods="2" conditionals="0" coveredconditionals="0" statements="29" coveredstatements="14" elements="33" coveredelements="16"/>
        </class>
        <line num="19" type="method" name="add" visibility="public" complexity="1" crap="2.00" count="0"/>
        <line num="21" type="stmt" count="0"/>
        <line num="22" type="stmt" count="0"/>
        <line num="25" type="stmt" count="0"/>
        <line num="26" type="stmt" count="0"/>
        <line num="30" type="stmt" count="0"/>
        <line num="31" type="stmt" count="0"/>
        <line num="32" type="stmt" count="0"/>
        <line num="34" type="stmt" count="0"/>
        <line num="46" type="method" name="getOneById" visibility="public" complexity="2" crap="2" count="2"/>
        <line num="48" type="stmt" count="2"/>
        <line num="49" type="stmt" count="2"/>
        <line num="50" type="stmt" count="2"/>
        <line num="52" type="stmt" count="2"/>
        <line num="53" type="stmt" count="2"/>
        <line num="55" type="stmt" count="2"/>
        <line num="65" type="method" name="updateNote" visibility="public" complexity="1" crap="1" count="1"/>
        <line num="67" type="stmt" count="1"/>
        <line num="70" type="stmt" count="1"/>
        <line num="72" type="stmt" count="1"/>
        <line num="73" type="stmt" count="1"/>
        <line num="74" type="stmt" count="1"/>
        <line num="79" type="stmt" count="1"/>
        <line num="81" type="stmt" count="1"/>
        <line num="83" type="stmt" count="1"/>
        <line num="96" type="method" name="delete" visibility="public" complexity="2" crap="6.00" count="0"/>
        <line num="100" type="stmt" count="0"/>
        <line num="103" type="stmt" count="0"/>
        <line num="105" type="stmt" count="0"/>
        <line num="107" type="stmt" count="0"/>
        <line num="108" type="stmt" count="0"/>
        <line num="109" type="stmt" count="0"/>
        <line num="112" type="stmt" count="0"/>
        <metrics loc="114" ncloc="71" classes="1" methods="4" coveredmethods="2" conditionals="0" coveredconditionals="0" statements="29" coveredstatements="14" elements="33" coveredelements="16"/>
      </file>
      <file name="/var/www/src/AppBundle/Controller/OrgController.php">
        <class name="AppBundle\Controller\OrgController" namespace="AppBundle\Controller">
          <metrics complexity="5" methods="2" coveredmethods="1" conditionals="0" coveredconditionals="0" statements="15" coveredstatements="10" elements="17" coveredelements="11"/>
        </class>
        <line num="21" type="method" name="__construct" visibility="public" complexity="1" crap="1" count="2"/>
        <line num="23" type="stmt" count="2"/>
        <line num="24" type="stmt" count="2"/>
        <line num="33" type="method" name="addBulk" visibility="public" complexity="4" crap="4.91" count="1"/>
        <line num="35" type="stmt" count="1"/>
        <line num="37" type="stmt" count="1"/>
        <line num="39" type="stmt" count="1"/>
        <line num="40" type="stmt" count="1"/>
        <line num="42" type="stmt" count="1"/>
        <line num="43" type="stmt" count="0"/>
        <line num="45" type="stmt" count="1"/>
        <line num="46" type="stmt" count="0"/>
        <line num="50" type="stmt" count="1"/>
        <line num="51" type="stmt" count="1"/>
        <line num="52" type="stmt" count="0"/>
        <line num="53" type="stmt" count="0"/>
        <line num="54" type="stmt" count="0"/>
        <metrics loc="57" ncloc="44" classes="1" methods="2" coveredmethods="1" conditionals="0" coveredconditionals="0" statements="15" coveredstatements="10" elements="17" coveredelements="11"/>
      </file>
      <file name="/var/www/src/AppBundle/Controller/RestController.php">
        <class name="AppBundle\Controller\RestController" namespace="AppBundle\Controller">
          <metrics complexity="26" methods="12" coveredmethods="11" conditionals="0" coveredconditionals="0" statements="46" coveredstatements="45" elements="58" coveredelements="56"/>
        </class>
        <line num="19" type="method" name="deserializeBodyContent" visibility="protected" complexity="1" crap="1" count="124"/>
        <line num="21" type="stmt" count="124"/>
        <line num="23" type="stmt" count="124"/>
        <line num="25" type="stmt" count="124"/>
        <line num="27" type="stmt" count="119"/>
        <line num="36" type="method" name="validateArray" visibility="protected" complexity="7" crap="7.02" count="124"/>
        <line num="38" type="stmt" count="124"/>
        <line num="40" type="stmt" count="124"/>
        <line num="42" type="stmt" count="38"/>
        <line num="43" type="stmt" count="22"/>
        <line num="44" type="stmt" count="5"/>
        <line num="46" type="stmt" count="22"/>
        <line num="48" type="stmt" count="21"/>
        <line num="49" type="stmt" count="21"/>
        <line num="50" type="stmt" count="3"/>
        <line num="52" type="stmt" count="21"/>
        <line num="55" type="stmt" count="0"/>
        <line num="59" type="stmt" count="124"/>
        <line num="60" type="stmt" count="7"/>
        <line num="62" type="stmt" count="119"/>
        <line num="69" type="method" name="getRepository" visibility="protected" complexity="1" crap="1" count="165"/>
        <line num="71" type="stmt" count="165"/>
        <line num="81" type="method" name="findEntityBy" visibility="protected" complexity="4" crap="4" count="154"/>
        <line num="83" type="stmt" count="154"/>
        <line num="84" type="stmt" count="154"/>
        <line num="86" type="stmt" count="154"/>
        <line num="87" type="stmt" count="2"/>
        <line num="90" type="stmt" count="152"/>
        <line num="96" type="method" name="getEntityManager" visibility="protected" complexity="1" crap="1" count="93"/>
        <line num="98" type="stmt" count="93"/>
        <line num="106" type="method" name="hydrateEntityWithArrayData" visibility="protected" complexity="3" crap="3" count="28"/>
        <line num="108" type="stmt" count="28"/>
        <line num="109" type="stmt" count="28"/>
        <line num="110" type="stmt" count="27"/>
        <line num="113" type="stmt" count="28"/>
        <line num="121" type="method" name="setJmsSerialiserGroups" visibility="protected" complexity="1" crap="1" count="103"/>
        <line num="123" type="stmt" count="103"/>
        <line num="126" type="stmt" count="103"/>
        <line num="127" type="stmt" count="103"/>
        <line num="128" type="stmt" count="103"/>
        <line num="133" type="method" name="getAuthService" visibility="protected" complexity="1" crap="1" count="68"/>
        <line num="135" type="stmt" count="68"/>
        <line num="141" type="method" name="denyAccessIfReportDoesNotBelongToUser" visibility="protected" complexity="2" crap="2" count="85"/>
        <line num="143" type="stmt" count="85"/>
        <line num="144" type="stmt" count="38"/>
        <line num="146" type="stmt" count="67"/>
        <line num="151" type="method" name="denyAccessIfNdrDoesNotBelongToUser" visibility="protected" complexity="2" crap="2" count="29"/>
        <line num="153" type="stmt" count="29"/>
        <line num="154" type="stmt" count="14"/>
        <line num="156" type="stmt" count="23"/>
        <line num="161" type="method" name="denyAccessIfClientDoesNotBelongToUser" visibility="protected" complexity="2" crap="2" count="5"/>
        <line num="163" type="stmt" count="5"/>
        <line num="164" type="stmt" count="3"/>
        <line num="166" type="stmt" count="4"/>
        <line num="168" type="method" name="persistAndFlush" visibility="protected" complexity="1" crap="1" count="29"/>
        <line num="170" type="stmt" count="29"/>
        <line num="171" type="stmt" count="29"/>
        <line num="172" type="stmt" count="29"/>
        <metrics loc="173" ncloc="126" classes="1" methods="12" coveredmethods="11" conditionals="0" coveredconditionals="0" statements="46" coveredstatements="45" elements="58" coveredelements="56"/>
      </file>
      <file name="/var/www/src/AppBundle/Controller/SatisfactionController.php">
        <class name="AppBundle\Controller\SatisfactionController" namespace="AppBundle\Controller">
          <metrics complexity="3" methods="3" coveredmethods="3" conditionals="0" coveredconditionals="0" statements="15" coveredstatements="15" elements="18" coveredelements="18"/>
        </class>
        <line num="15" type="method" name="addSatisfactionScore" visibility="private" complexity="1" crap="1" count="4"/>
        <line num="17" type="stmt" count="4"/>
        <line num="18" type="stmt" count="4"/>
        <line num="20" type="stmt" count="4"/>
        <line num="22" type="stmt" count="4"/>
        <line num="29" type="method" name="add" visibility="public" complexity="1" crap="1" count="4"/>
        <line num="31" type="stmt" count="4"/>
        <line num="32" type="stmt" count="4"/>
        <line num="36" type="stmt" count="2"/>
        <line num="38" type="stmt" count="2"/>
        <line num="39" type="stmt" count="2"/>
        <line num="41" type="stmt" count="2"/>
        <line num="43" type="stmt" count="2"/>
        <line num="49" type="method" name="publicAdd" visibility="public" complexity="1" crap="1" count="3"/>
        <line num="51" type="stmt" count="3"/>
        <line num="52" type="stmt" count="3"/>
        <line num="55" type="stmt" count="2"/>
        <line num="57" type="stmt" count="2"/>
        <metrics loc="59" ncloc="49" classes="1" methods="3" coveredmethods="3" conditionals="0" coveredconditionals="0" statements="15" coveredstatements="15" elements="18" coveredelements="18"/>
      </file>
      <file name="/var/www/src/AppBundle/Controller/SelfRegisterController.php">
        <class name="AppBundle\Controller\SelfRegisterController" namespace="AppBundle\Controller">
          <metrics complexity="9" methods="3" coveredmethods="1" conditionals="0" coveredconditionals="0" statements="34" coveredstatements="18" elements="37" coveredelements="19"/>
        </class>
        <line num="18" type="method" name="register" visibility="public" complexity="4" crap="4.00" count="5"/>
        <line num="20" type="stmt" count="5"/>
        <line num="21" type="stmt" count="0"/>
        <line num="24" type="stmt" count="5"/>
        <line num="26" type="stmt" count="5"/>
        <line num="28" type="stmt" count="5"/>
        <line num="30" type="stmt" count="5"/>
        <line num="31" type="stmt" count="5"/>
        <line num="33" type="stmt" count="5"/>
        <line num="34" type="stmt" count="2"/>
        <line num="38" type="stmt" count="3"/>
        <line num="39" type="stmt" count="1"/>
        <line num="40" type="stmt" count="2"/>
        <line num="41" type="stmt" count="2"/>
        <line num="42" type="stmt" count="2"/>
        <line num="45" type="stmt" count="1"/>
        <line num="47" type="stmt" count="1"/>
        <line num="53" type="method" name="verifyCoDeputy" visibility="public" complexity="4" crap="20.00" count="0"/>
        <line num="55" type="stmt" count="0"/>
        <line num="57" type="stmt" count="0"/>
        <line num="58" type="stmt" count="0"/>
        <line num="61" type="stmt" count="0"/>
        <line num="62" type="stmt" count="0"/>
        <line num="64" type="stmt" count="0"/>
        <line num="65" type="stmt" count="0"/>
        <line num="67" type="stmt" count="0"/>
        <line num="68" type="stmt" count="0"/>
        <line num="72" type="stmt" count="0"/>
        <line num="73" type="stmt" count="0"/>
        <line num="74" type="stmt" count="0"/>
        <line num="75" type="stmt" count="0"/>
        <line num="76" type="stmt" count="0"/>
        <line num="79" type="stmt" count="0"/>
        <line num="86" type="method" name="populateSelfReg" visibility="public" complexity="1" crap="1" count="7"/>
        <line num="88" type="stmt" count="7"/>
        <line num="89" type="stmt" count="7"/>
        <line num="97" type="stmt" count="7"/>
        <metrics loc="98" ncloc="85" classes="1" methods="3" coveredmethods="1" conditionals="0" coveredconditionals="0" statements="34" coveredstatements="18" elements="37" coveredelements="19"/>
      </file>
      <file name="/var/www/src/AppBundle/Controller/SettingController.php">
        <class name="AppBundle\Controller\SettingController" namespace="AppBundle\Controller">
          <metrics complexity="4" methods="2" coveredmethods="2" conditionals="0" coveredconditionals="0" statements="13" coveredstatements="13" elements="15" coveredelements="15"/>
        </class>
        <line num="18" type="method" name="getSetting" visibility="public" complexity="2" crap="2" count="2"/>
        <line num="20" type="stmt" count="2"/>
        <line num="22" type="stmt" count="2"/>
        <line num="24" type="stmt" count="2"/>
        <line num="31" type="method" name="upsertSetting" visibility="public" complexity="2" crap="2" count="1"/>
        <line num="33" type="stmt" count="1"/>
        <line num="34" type="stmt" count="1"/>
        <line num="38" type="stmt" count="1"/>
        <line num="39" type="stmt" count="1"/>
        <line num="40" type="stmt" count="1"/>
        <line num="41" type="stmt" count="1"/>
        <line num="43" type="stmt" count="1"/>
        <line num="44" type="stmt" count="1"/>
        <line num="47" type="stmt" count="1"/>
        <line num="49" type="stmt" count="1"/>
        <metrics loc="51" ncloc="35" classes="1" methods="2" coveredmethods="2" conditionals="0" coveredconditionals="0" statements="13" coveredstatements="13" elements="15" coveredelements="15"/>
      </file>
      <file name="/var/www/src/AppBundle/Controller/StatsController.php">
        <class name="AppBundle\Controller\StatsController" namespace="AppBundle\Controller">
          <metrics complexity="2" methods="2" coveredmethods="0" conditionals="0" coveredconditionals="0" statements="5" coveredstatements="0" elements="7" coveredelements="0"/>
        </class>
        <line num="18" type="method" name="__construct" visibility="public" complexity="1" crap="2.00" count="0"/>
        <line num="20" type="stmt" count="0"/>
        <line num="21" type="stmt" count="0"/>
        <line num="27" type="method" name="getMetric" visibility="public" complexity="1" crap="2.00" count="0"/>
        <line num="29" type="stmt" count="0"/>
        <line num="30" type="stmt" count="0"/>
        <line num="32" type="stmt" count="0"/>
        <metrics loc="34" ncloc="27" classes="1" methods="2" coveredmethods="0" conditionals="0" coveredconditionals="0" statements="5" coveredstatements="0" elements="7" coveredelements="0"/>
      </file>
      <file name="/var/www/src/AppBundle/Controller/TeamController.php">
        <class name="AppBundle\Controller\TeamController" namespace="AppBundle\Controller">
          <metrics complexity="5" methods="4" coveredmethods="1" conditionals="0" coveredconditionals="0" statements="18" coveredstatements="6" elements="22" coveredelements="7"/>
        </class>
        <line num="21" type="method" name="getMembers" visibility="public" complexity="2" crap="2" count="1"/>
        <line num="23" type="stmt" count="1"/>
        <line num="24" type="stmt" count="1"/>
        <line num="25" type="stmt" count="1"/>
        <line num="27" type="stmt" count="1"/>
        <line num="30" type="stmt" count="1"/>
        <line num="32" type="stmt" count="1"/>
        <line num="39" type="method" name="getMemberById" visibility="public" complexity="1" crap="2.00" count="0"/>
        <line num="41" type="stmt" count="0"/>
        <line num="44" type="stmt" count="0"/>
        <line num="46" type="stmt" count="0"/>
        <line num="55" type="method" name="addToTeam" visibility="public" complexity="1" crap="2.00" count="0"/>
        <line num="58" type="stmt" count="0"/>
        <line num="61" type="stmt" count="0"/>
        <line num="63" type="stmt" count="0"/>
        <line num="64" type="stmt" count="0"/>
        <line num="66" type="stmt" count="0"/>
        <line num="80" type="method" name="deleteOrgTeamUser" visibility="public" complexity="1" crap="2.00" count="0"/>
        <line num="83" type="stmt" count="0"/>
        <line num="86" type="stmt" count="0"/>
        <line num="87" type="stmt" count="0"/>
        <line num="89" type="stmt" count="0"/>
        <metrics loc="91" ncloc="57" classes="1" methods="4" coveredmethods="1" conditionals="0" coveredconditionals="0" statements="18" coveredstatements="6" elements="22" coveredelements="7"/>
      </file>
      <file name="/var/www/src/AppBundle/Controller/UserController.php">
        <class name="AppBundle\Controller\UserController" namespace="AppBundle\Controller">
          <metrics complexity="51" methods="15" coveredmethods="6" conditionals="0" coveredconditionals="0" statements="144" coveredstatements="104" elements="159" coveredelements="110"/>
        </class>
        <line num="59" type="method" name="__construct" visibility="public" complexity="1" crap="1" count="36"/>
        <line num="68" type="stmt" count="36"/>
        <line num="69" type="stmt" count="36"/>
        <line num="70" type="stmt" count="36"/>
        <line num="71" type="stmt" count="36"/>
        <line num="72" type="stmt" count="36"/>
        <line num="73" type="stmt" count="36"/>
        <line num="74" type="stmt" count="36"/>
        <line num="80" type="method" name="add" visibility="public" complexity="2" crap="2" count="2"/>
        <line num="82" type="stmt" count="2"/>
        <line num="83" type="stmt" count="2"/>
        <line num="90" type="stmt" count="1"/>
        <line num="93" type="stmt" count="1"/>
        <line num="95" type="stmt" count="1"/>
        <line num="97" type="stmt" count="1"/>
        <line num="98" type="stmt" count="1"/>
        <line num="99" type="stmt" count="1"/>
        <line num="101" type="stmt" count="1"/>
        <line num="107" type="method" name="update" visibility="public" complexity="6" crap="6" count="3"/>
        <line num="110" type="stmt" count="3"/>
        <line num="113" type="stmt" count="3"/>
        <line num="115" type="stmt" count="3"/>
        <line num="116" type="stmt" count="3"/>
        <line num="117" type="stmt" count="3"/>
        <line num="118" type="stmt" count="3"/>
        <line num="119" type="stmt" count="3"/>
        <line num="121" type="stmt" count="1"/>
        <line num="125" type="stmt" count="3"/>
        <line num="127" type="stmt" count="3"/>
        <line num="128" type="stmt" count="3"/>
        <line num="129" type="stmt" count="3"/>
        <line num="131" type="stmt" count="2"/>
        <line num="137" type="method" name="isPasswordCorrect" visibility="public" complexity="2" crap="2.50" count="1"/>
        <line num="140" type="stmt" count="1"/>
        <line num="143" type="stmt" count="1"/>
        <line num="145" type="stmt" count="1"/>
        <line num="146" type="stmt" count="1"/>
        <line num="149" type="stmt" count="0"/>
        <line num="150" type="stmt" count="0"/>
        <line num="153" type="stmt" count="0"/>
        <line num="155" type="stmt" count="0"/>
        <line num="163" type="method" name="changePassword" visibility="public" complexity="3" crap="3.01" count="5"/>
        <line num="166" type="stmt" count="5"/>
        <line num="169" type="stmt" count="5"/>
        <line num="171" type="stmt" count="5"/>
        <line num="172" type="stmt" count="1"/>
        <line num="175" type="stmt" count="4"/>
        <line num="176" type="stmt" count="4"/>
        <line num="179" type="stmt" count="3"/>
        <line num="181" type="stmt" count="3"/>
        <line num="183" type="stmt" count="3"/>
        <line num="184" type="stmt" count="0"/>
        <line num="187" type="stmt" count="3"/>
        <line num="189" type="stmt" count="3"/>
        <line num="195" type="method" name="getOneById" visibility="public" complexity="1" crap="1" count="2"/>
        <line num="197" type="stmt" count="2"/>
        <line num="205" type="method" name="getOneByFilter" visibility="public" complexity="12" crap="20.19" count="2"/>
        <line num="207" type="stmt" count="2"/>
        <line num="209" type="stmt" count="0"/>
        <line num="210" type="stmt" count="0"/>
        <line num="211" type="stmt" count="0"/>
        <line num="213" type="stmt" count="2"/>
        <line num="215" type="stmt" count="0"/>
        <line num="216" type="stmt" count="0"/>
        <line num="217" type="stmt" count="0"/>
        <line num="219" type="stmt" count="0"/>
        <line num="220" type="stmt" count="0"/>
        <line num="222" type="stmt" count="0"/>
        <line num="223" type="stmt" count="2"/>
        <line num="225" type="stmt" count="2"/>
        <line num="226" type="stmt" count="2"/>
        <line num="227" type="stmt" count="2"/>
        <line num="230" type="stmt" count="0"/>
        <line num="234" type="stmt" count="2"/>
        <line num="235" type="stmt" count="2"/>
        <line num="237" type="stmt" count="2"/>
        <line num="238" type="stmt" count="2"/>
        <line num="239" type="stmt" count="2"/>
        <line num="242" type="stmt" count="2"/>
        <line num="243" type="stmt" count="2"/>
        <line num="244" type="stmt" count="2"/>
        <line num="245" type="stmt" count="1"/>
        <line num="248" type="stmt" count="2"/>
        <line num="259" type="method" name="getUserTeamNames" visibility="public" complexity="1" crap="2.00" count="0"/>
        <line num="261" type="stmt" count="0"/>
        <line num="263" type="stmt" count="0"/>
        <line num="265" type="stmt" count="0"/>
        <line num="279" type="method" name="delete" visibility="public" complexity="3" crap="3.33" count="1"/>
        <line num="282" type="stmt" count="1"/>
        <line num="285" type="stmt" count="1"/>
        <line num="287" type="stmt" count="1"/>
        <line num="289" type="stmt" count="1"/>
        <line num="290" type="stmt" count="0"/>
        <line num="291" type="stmt" count="0"/>
        <line num="294" type="stmt" count="1"/>
        <line num="295" type="stmt" count="0"/>
        <line num="296" type="stmt" count="0"/>
        <line num="299" type="stmt" count="1"/>
        <line num="300" type="stmt" count="1"/>
        <line num="302" type="stmt" count="1"/>
        <line num="309" type="method" name="getAll" visibility="public" complexity="1" crap="1" count="1"/>
        <line num="311" type="stmt" count="1"/>
        <line num="312" type="stmt" count="1"/>
        <line num="322" type="method" name="recreateToken" visibility="public" complexity="4" crap="4" count="15"/>
        <line num="324" type="stmt" count="15"/>
        <line num="325" type="stmt" count="3"/>
        <line num="329" type="stmt" count="12"/>
        <line num="331" type="stmt" count="10"/>
        <line num="333" type="stmt" count="10"/>
        <line num="334" type="stmt" count="2"/>
        <line num="337" type="stmt" count="8"/>
        <line num="339" type="stmt" count="8"/>
        <line num="341" type="stmt" count="8"/>
        <line num="343" type="stmt" count="8"/>
        <line num="349" type="method" name="getByToken" visibility="public" complexity="3" crap="3.03" count="1"/>
        <line num="351" type="stmt" count="1"/>
        <line num="352" type="stmt" count="1"/>
        <line num="356" type="stmt" count="1"/>
        <line num="359" type="stmt" count="1"/>
        <line num="360" type="stmt" count="0"/>
        <line num="364" type="stmt" count="1"/>
        <line num="366" type="stmt" count="1"/>
        <line num="372" type="method" name="agreeTermsUSe" visibility="public" complexity="3" crap="3.01" count="1"/>
        <line num="374" type="stmt" count="1"/>
        <line num="375" type="stmt" count="1"/>
        <line num="378" type="stmt" count="1"/>
        <line num="381" type="stmt" count="1"/>
        <line num="382" type="stmt" count="0"/>
        <line num="385" type="stmt" count="1"/>
        <line num="386" type="stmt" count="1"/>
        <line num="387" type="stmt" count="1"/>
        <line num="389" type="stmt" count="1"/>
        <line num="399" type="method" name="populateUser" visibility="private" complexity="5" crap="5.39" count="4"/>
        <line num="406" type="stmt" count="4"/>
        <line num="407" type="stmt" count="4"/>
        <line num="424" type="stmt" count="4"/>
        <line num="425" type="stmt" count="0"/>
        <line num="428" type="stmt" count="4"/>
        <line num="429" type="stmt" count="0"/>
        <line num="432" type="stmt" count="4"/>
        <line num="433" type="stmt" count="0"/>
        <line num="436" type="stmt" count="4"/>
        <line num="437" type="stmt" count="2"/>
        <line num="438" type="stmt" count="2"/>
        <line num="441" type="stmt" count="4"/>
        <line num="448" type="method" name="getTeamByUserId" visibility="public" complexity="4" crap="20.00" count="0"/>
        <line num="451" type="stmt" count="0"/>
        <line num="454" type="stmt" count="0"/>
        <line num="456" type="stmt" count="0"/>
        <line num="457" type="stmt" count="0"/>
        <line num="461" type="stmt" count="0"/>
        <line num="464" type="stmt" count="0"/>
        <line num="465" type="stmt" count="0"/>
        <line num="466" type="stmt" count="0"/>
        <line num="469" type="stmt" count="0"/>
        <line num="470" type="stmt" count="0"/>
        <line num="471" type="stmt" count="0"/>
        <line num="473" type="stmt" count="0"/>
        <line num="475" type="stmt" count="0"/>
        <metrics loc="477" ncloc="346" classes="1" methods="15" coveredmethods="6" conditionals="0" coveredconditionals="0" statements="144" coveredstatements="104" elements="159" coveredelements="110"/>
      </file>
    </package>
    <package name="AppBundle\Controller\Ndr">
      <file name="/var/www/src/AppBundle/Controller/Ndr/AccountController.php">
        <class name="AppBundle\Controller\Ndr\AccountController" namespace="AppBundle\Controller\Ndr">
          <metrics complexity="14" methods="5" coveredmethods="3" conditionals="0" coveredconditionals="0" statements="44" coveredstatements="41" elements="49" coveredelements="44"/>
        </class>
        <line num="17" type="method" name="addAccountAction" visibility="public" complexity="1" crap="1" count="1"/>
        <line num="19" type="stmt" count="1"/>
        <line num="20" type="stmt" count="1"/>
        <line num="22" type="stmt" count="1"/>
        <line num="23" type="stmt" count="1"/>
        <line num="25" type="stmt" count="1"/>
        <line num="26" type="stmt" count="1"/>
        <line num="28" type="stmt" count="1"/>
        <line num="30" type="stmt" count="1"/>
        <line num="32" type="stmt" count="1"/>
        <line num="39" type="method" name="getOneById" visibility="public" complexity="2" crap="2.02" count="1"/>
        <line num="41" type="stmt" count="1"/>
        <line num="42" type="stmt" count="0"/>
        <line num="45" type="stmt" count="1"/>
        <line num="46" type="stmt" count="1"/>
        <line num="48" type="stmt" count="1"/>
        <line num="50" type="stmt" count="1"/>
        <line num="57" type="method" name="editAccountAction" visibility="public" complexity="1" crap="1" count="1"/>
        <line num="59" type="stmt" count="1"/>
        <line num="60" type="stmt" count="1"/>
        <line num="62" type="stmt" count="1"/>
        <line num="64" type="stmt" count="1"/>
        <line num="66" type="stmt" count="1"/>
        <line num="68" type="stmt" count="1"/>
        <line num="70" type="stmt" count="1"/>
        <line num="77" type="method" name="accountDelete" visibility="public" complexity="1" crap="1" count="1"/>
        <line num="79" type="stmt" count="1"/>
        <line num="80" type="stmt" count="1"/>
        <line num="82" type="stmt" count="1"/>
        <line num="84" type="stmt" count="1"/>
        <line num="86" type="stmt" count="1"/>
        <line num="89" type="method" name="fillAccountData" visibility="private" complexity="9" crap="9.13" count="2"/>
        <line num="91" type="stmt" count="2"/>
        <line num="92" type="stmt" count="1"/>
        <line num="95" type="stmt" count="2"/>
        <line num="96" type="stmt" count="2"/>
        <line num="97" type="stmt" count="2"/>
        <line num="100" type="stmt" count="0"/>
        <line num="103" type="stmt" count="2"/>
        <line num="104" type="stmt" count="2"/>
        <line num="105" type="stmt" count="2"/>
        <line num="108" type="stmt" count="0"/>
        <line num="111" type="stmt" count="2"/>
        <line num="112" type="stmt" count="1"/>
        <line num="115" type="stmt" count="2"/>
        <line num="116" type="stmt" count="2"/>
        <line num="119" type="stmt" count="2"/>
        <line num="120" type="stmt" count="1"/>
        <line num="122" type="stmt" count="2"/>
        <metrics loc="123" ncloc="105" classes="1" methods="5" coveredmethods="3" conditionals="0" coveredconditionals="0" statements="44" coveredstatements="41" elements="49" coveredelements="44"/>
      </file>
      <file name="/var/www/src/AppBundle/Controller/Ndr/AssetController.php">
        <class name="AppBundle\Controller\Ndr\AssetController" namespace="AppBundle\Controller\Ndr">
          <metrics complexity="12" methods="6" coveredmethods="4" conditionals="0" coveredconditionals="0" statements="55" coveredstatements="46" elements="61" coveredelements="50"/>
        </class>
        <line num="17" type="method" name="getAll" visibility="public" complexity="2" crap="2.01" count="2"/>
        <line num="19" type="stmt" count="2"/>
        <line num="20" type="stmt" count="2"/>
        <line num="22" type="stmt" count="1"/>
        <line num="24" type="stmt" count="1"/>
        <line num="25" type="stmt" count="0"/>
        <line num="28" type="stmt" count="1"/>
        <line num="30" type="stmt" count="1"/>
        <line num="37" type="method" name="getOneById" visibility="public" complexity="1" crap="1" count="2"/>
        <line num="39" type="stmt" count="2"/>
        <line num="40" type="stmt" count="2"/>
        <line num="42" type="stmt" count="2"/>
        <line num="43" type="stmt" count="2"/>
        <line num="45" type="stmt" count="1"/>
        <line num="47" type="stmt" count="1"/>
        <line num="54" type="method" name="add" visibility="public" complexity="1" crap="1" count="3"/>
        <line num="56" type="stmt" count="3"/>
        <line num="58" type="stmt" count="3"/>
        <line num="59" type="stmt" count="3"/>
        <line num="60" type="stmt" count="2"/>
        <line num="61" type="stmt" count="2"/>
        <line num="63" type="stmt" count="2"/>
        <line num="64" type="stmt" count="2"/>
        <line num="66" type="stmt" count="2"/>
        <line num="67" type="stmt" count="2"/>
        <line num="69" type="stmt" count="2"/>
        <line num="70" type="stmt" count="2"/>
        <line num="72" type="stmt" count="2"/>
        <line num="79" type="method" name="edit" visibility="public" complexity="1" crap="2.00" count="0"/>
        <line num="81" type="stmt" count="0"/>
        <line num="83" type="stmt" count="0"/>
        <line num="84" type="stmt" count="0"/>
        <line num="86" type="stmt" count="0"/>
        <line num="87" type="stmt" count="0"/>
        <line num="89" type="stmt" count="0"/>
        <line num="91" type="stmt" count="0"/>
        <line num="93" type="stmt" count="0"/>
        <line num="100" type="method" name="delete" visibility="public" complexity="1" crap="1" count="2"/>
        <line num="102" type="stmt" count="2"/>
        <line num="103" type="stmt" count="2"/>
        <line num="105" type="stmt" count="2"/>
        <line num="106" type="stmt" count="2"/>
        <line num="108" type="stmt" count="1"/>
        <line num="109" type="stmt" count="1"/>
        <line num="111" type="stmt" count="1"/>
        <line num="114" type="method" name="updateEntityWithData" visibility="private" complexity="6" crap="6" count="2"/>
        <line num="117" type="stmt" count="2"/>
        <line num="118" type="stmt" count="2"/>
        <line num="121" type="stmt" count="2"/>
        <line num="122" type="stmt" count="1"/>
        <line num="123" type="stmt" count="1"/>
        <line num="127" type="stmt" count="1"/>
        <line num="128" type="stmt" count="1"/>
        <line num="132" type="stmt" count="2"/>
        <line num="133" type="stmt" count="1"/>
        <line num="134" type="stmt" count="1"/>
        <line num="149" type="stmt" count="1"/>
        <line num="150" type="stmt" count="1"/>
        <line num="151" type="stmt" count="1"/>
        <line num="152" type="stmt" count="1"/>
        <line num="155" type="stmt" count="2"/>
        <metrics loc="156" ncloc="133" classes="1" methods="6" coveredmethods="4" conditionals="0" coveredconditionals="0" statements="55" coveredstatements="46" elements="61" coveredelements="50"/>
      </file>
      <file name="/var/www/src/AppBundle/Controller/Ndr/ExpenseController.php">
        <class name="AppBundle\Controller\Ndr\ExpenseController" namespace="AppBundle\Controller\Ndr">
          <metrics complexity="5" methods="5" coveredmethods="5" conditionals="0" coveredconditionals="0" statements="35" coveredstatements="35" elements="40" coveredelements="40"/>
        </class>
        <line num="17" type="method" name="getOneById" visibility="public" complexity="1" crap="1" count="2"/>
        <line num="19" type="stmt" count="2"/>
        <line num="20" type="stmt" count="2"/>
        <line num="22" type="stmt" count="2"/>
        <line num="23" type="stmt" count="2"/>
        <line num="25" type="stmt" count="1"/>
        <line num="27" type="stmt" count="1"/>
        <line num="34" type="method" name="add" visibility="public" complexity="1" crap="1" count="2"/>
        <line num="36" type="stmt" count="2"/>
        <line num="38" type="stmt" count="2"/>
        <line num="39" type="stmt" count="2"/>
        <line num="40" type="stmt" count="1"/>
        <line num="41" type="stmt" count="1"/>
        <line num="44" type="stmt" count="1"/>
        <line num="46" type="stmt" count="1"/>
        <line num="47" type="stmt" count="1"/>
        <line num="49" type="stmt" count="1"/>
        <line num="50" type="stmt" count="1"/>
        <line num="52" type="stmt" count="1"/>
        <line num="59" type="method" name="edit" visibility="public" complexity="1" crap="1" count="2"/>
        <line num="61" type="stmt" count="2"/>
        <line num="63" type="stmt" count="2"/>
        <line num="64" type="stmt" count="2"/>
        <line num="66" type="stmt" count="1"/>
        <line num="67" type="stmt" count="1"/>
        <line num="69" type="stmt" count="1"/>
        <line num="71" type="stmt" count="1"/>
        <line num="73" type="stmt" count="1"/>
        <line num="80" type="method" name="delete" visibility="public" complexity="1" crap="1" count="2"/>
        <line num="82" type="stmt" count="2"/>
        <line num="83" type="stmt" count="2"/>
        <line num="85" type="stmt" count="2"/>
        <line num="86" type="stmt" count="2"/>
        <line num="87" type="stmt" count="1"/>
        <line num="89" type="stmt" count="1"/>
        <line num="91" type="stmt" count="1"/>
        <line num="94" type="method" name="updateEntityWithData" visibility="private" complexity="1" crap="1" count="1"/>
        <line num="97" type="stmt" count="1"/>
        <line num="98" type="stmt" count="1"/>
        <line num="101" type="stmt" count="1"/>
        <metrics loc="102" ncloc="82" classes="1" methods="5" coveredmethods="5" conditionals="0" coveredconditionals="0" statements="35" coveredstatements="35" elements="40" coveredelements="40"/>
      </file>
      <file name="/var/www/src/AppBundle/Controller/Ndr/NdrController.php">
        <class name="AppBundle\Controller\Ndr\NdrController" namespace="AppBundle\Controller\Ndr">
          <metrics complexity="46" methods="3" coveredmethods="1" conditionals="0" coveredconditionals="0" statements="106" coveredstatements="53" elements="109" coveredelements="54"/>
        </class>
        <line num="20" type="method" name="getById" visibility="public" complexity="3" crap="3" count="1"/>
        <line num="22" type="stmt" count="1"/>
        <line num="23" type="stmt" count="1"/>
        <line num="26" type="stmt" count="1"/>
        <line num="28" type="stmt" count="1"/>
        <line num="29" type="stmt" count="1"/>
        <line num="30" type="stmt" count="1"/>
        <line num="33" type="stmt" count="1"/>
        <line num="40" type="method" name="submit" visibility="public" complexity="4" crap="4.02" count="2"/>
        <line num="42" type="stmt" count="2"/>
        <line num="44" type="stmt" count="2"/>
        <line num="46" type="stmt" count="2"/>
        <line num="48" type="stmt" count="2"/>
        <line num="49" type="stmt" count="0"/>
        <line num="52" type="stmt" count="2"/>
        <line num="53" type="stmt" count="2"/>
        <line num="54" type="stmt" count="0"/>
        <line num="58" type="stmt" count="2"/>
        <line num="59" type="stmt" count="2"/>
        <line num="60" type="stmt" count="2"/>
        <line num="62" type="stmt" count="2"/>
        <line num="64" type="stmt" count="2"/>
        <line num="66" type="stmt" count="2"/>
        <line num="67" type="stmt" count="1"/>
        <line num="69" type="stmt" count="1"/>
        <line num="72" type="stmt" count="2"/>
        <line num="73" type="stmt" count="2"/>
        <line num="77" type="stmt" count="2"/>
        <line num="79" type="stmt" count="2"/>
        <line num="85" type="method" name="update" visibility="public" complexity="39" crap="448.22" count="1"/>
        <line num="88" type="stmt" count="1"/>
        <line num="90" type="stmt" count="1"/>
        <line num="91" type="stmt" count="1"/>
        <line num="92" type="stmt" count="1"/>
        <line num="95" type="stmt" count="1"/>
        <line num="97" type="stmt" count="1"/>
        <line num="98" type="stmt" count="0"/>
        <line num="100" type="stmt" count="0"/>
        <line num="101" type="stmt" count="0"/>
        <line num="102" type="stmt" count="0"/>
        <line num="103" type="stmt" count="0"/>
        <line num="106" type="stmt" count="0"/>
        <line num="107" type="stmt" count="0"/>
        <line num="108" type="stmt" count="0"/>
        <line num="109" type="stmt" count="0"/>
        <line num="110" type="stmt" count="0"/>
        <line num="112" type="stmt" count="0"/>
        <line num="113" type="stmt" count="0"/>
        <line num="114" type="stmt" count="0"/>
        <line num="119" type="stmt" count="1"/>
        <line num="120" type="stmt" count="0"/>
        <line num="123" type="stmt" count="1"/>
        <line num="124" type="stmt" count="0"/>
        <line num="125" type="stmt" count="0"/>
        <line num="126" type="stmt" count="0"/>
        <line num="128" type="stmt" count="0"/>
        <line num="129" type="stmt" count="0"/>
        <line num="130" type="stmt" count="0"/>
        <line num="135" type="stmt" count="1"/>
        <line num="136" type="stmt" count="0"/>
        <line num="139" type="stmt" count="1"/>
        <line num="140" type="stmt" count="0"/>
        <line num="143" type="stmt" count="1"/>
        <line num="144" type="stmt" count="0"/>
        <line num="145" type="stmt" count="0"/>
        <line num="147" type="stmt" count="0"/>
        <line num="150" type="stmt" count="1"/>
        <line num="151" type="stmt" count="0"/>
        <line num="154" type="stmt" count="1"/>
        <line num="155" type="stmt" count="0"/>
        <line num="156" type="stmt" count="0"/>
        <line num="158" type="stmt" count="0"/>
        <line num="161" type="stmt" count="1"/>
        <line num="162" type="stmt" count="0"/>
        <line num="163" type="stmt" count="0"/>
        <line num="164" type="stmt" count="0"/>
        <line num="165" type="stmt" count="0"/>
        <line num="166" type="stmt" count="0"/>
        <line num="171" type="stmt" count="1"/>
        <line num="172" type="stmt" count="0"/>
        <line num="173" type="stmt" count="0"/>
        <line num="174" type="stmt" count="0"/>
        <line num="175" type="stmt" count="0"/>
        <line num="177" type="stmt" count="0"/>
        <line num="181" type="stmt" count="1"/>
        <line num="182" type="stmt" count="1"/>
        <line num="183" type="stmt" count="1"/>
        <line num="184" type="stmt" count="1"/>
        <line num="187" type="stmt" count="1"/>
        <line num="191" type="stmt" count="1"/>
        <line num="192" type="stmt" count="0"/>
        <line num="193" type="stmt" count="0"/>
        <line num="194" type="stmt" count="0"/>
        <line num="195" type="stmt" count="0"/>
        <line num="200" type="stmt" count="1"/>
        <line num="201" type="stmt" count="0"/>
        <line num="204" type="stmt" count="1"/>
        <line num="205" type="stmt" count="0"/>
        <line num="208" type="stmt" count="1"/>
        <line num="209" type="stmt" count="0"/>
        <line num="212" type="stmt" count="1"/>
        <line num="213" type="stmt" count="0"/>
        <line num="214" type="stmt" count="0"/>
        <line num="215" type="stmt" count="0"/>
        <line num="216" type="stmt" count="0"/>
        <line num="221" type="stmt" count="1"/>
        <line num="222" type="stmt" count="0"/>
        <line num="225" type="stmt" count="1"/>
        <line num="227" type="stmt" count="1"/>
        <metrics loc="229" ncloc="199" classes="1" methods="3" coveredmethods="1" conditionals="0" coveredconditionals="0" statements="106" coveredstatements="53" elements="109" coveredelements="54"/>
      </file>
      <file name="/var/www/src/AppBundle/Controller/Ndr/VisitsCareController.php">
        <class name="AppBundle\Controller\Ndr\VisitsCareController" namespace="AppBundle\Controller\Ndr">
          <metrics complexity="17" methods="6" coveredmethods="4" conditionals="0" coveredconditionals="0" statements="49" coveredstatements="38" elements="55" coveredelements="42"/>
        </class>
        <line num="17" type="method" name="addAction" visibility="public" complexity="1" crap="1" count="2"/>
        <line num="19" type="stmt" count="2"/>
        <line num="20" type="stmt" count="2"/>
        <line num="22" type="stmt" count="2"/>
        <line num="23" type="stmt" count="2"/>
        <line num="25" type="stmt" count="1"/>
        <line num="27" type="stmt" count="1"/>
        <line num="29" type="stmt" count="1"/>
        <line num="31" type="stmt" count="1"/>
        <line num="38" type="method" name="updateAction" visibility="public" complexity="1" crap="1" count="2"/>
        <line num="40" type="stmt" count="2"/>
        <line num="41" type="stmt" count="2"/>
        <line num="43" type="stmt" count="1"/>
        <line num="44" type="stmt" count="1"/>
        <line num="46" type="stmt" count="1"/>
        <line num="48" type="stmt" count="1"/>
        <line num="57" type="method" name="findByNdrIdAction" visibility="public" complexity="1" crap="2.00" count="0"/>
        <line num="59" type="stmt" count="0"/>
        <line num="60" type="stmt" count="0"/>
        <line num="62" type="stmt" count="0"/>
        <line num="64" type="stmt" count="0"/>
        <line num="73" type="method" name="getOneById" visibility="public" complexity="2" crap="2" count="2"/>
        <line num="75" type="stmt" count="2"/>
        <line num="76" type="stmt" count="2"/>
        <line num="78" type="stmt" count="2"/>
        <line num="79" type="stmt" count="2"/>
        <line num="81" type="stmt" count="1"/>
        <line num="88" type="method" name="deleteVisitsCare" visibility="public" complexity="1" crap="1" count="2"/>
        <line num="90" type="stmt" count="2"/>
        <line num="91" type="stmt" count="2"/>
        <line num="93" type="stmt" count="1"/>
        <line num="94" type="stmt" count="1"/>
        <line num="96" type="stmt" count="1"/>
        <line num="105" type="method" name="updateEntity" visibility="private" complexity="11" crap="15.48" count="2"/>
        <line num="107" type="stmt" count="2"/>
        <line num="108" type="stmt" count="2"/>
        <line num="111" type="stmt" count="2"/>
        <line num="112" type="stmt" count="2"/>
        <line num="115" type="stmt" count="2"/>
        <line num="116" type="stmt" count="2"/>
        <line num="119" type="stmt" count="2"/>
        <line num="120" type="stmt" count="0"/>
        <line num="123" type="stmt" count="2"/>
        <line num="124" type="stmt" count="2"/>
        <line num="127" type="stmt" count="2"/>
        <line num="128" type="stmt" count="0"/>
        <line num="131" type="stmt" count="2"/>
        <line num="132" type="stmt" count="0"/>
        <line num="135" type="stmt" count="2"/>
        <line num="136" type="stmt" count="0"/>
        <line num="139" type="stmt" count="2"/>
        <line num="140" type="stmt" count="0"/>
        <line num="141" type="stmt" count="0"/>
        <line num="143" type="stmt" count="0"/>
        <line num="147" type="stmt" count="2"/>
        <metrics loc="149" ncloc="118" classes="1" methods="6" coveredmethods="4" conditionals="0" coveredconditionals="0" statements="49" coveredstatements="38" elements="55" coveredelements="42"/>
      </file>
    </package>
    <package name="AppBundle\Controller\Report">
      <file name="/var/www/src/AppBundle/Controller/Report/AccountController.php">
        <class name="AppBundle\Controller\Report\AccountController" namespace="AppBundle\Controller\Report">
          <metrics complexity="23" methods="6" coveredmethods="4" conditionals="0" coveredconditionals="0" statements="76" coveredstatements="53" elements="82" coveredelements="57"/>
        </class>
        <line num="20" type="method" name="addAccountAction" visibility="public" complexity="1" crap="1" count="1"/>
        <line num="22" type="stmt" count="1"/>
        <line num="23" type="stmt" count="1"/>
        <line num="25" type="stmt" count="1"/>
        <line num="26" type="stmt" count="1"/>
        <line num="29" type="stmt" count="1"/>
        <line num="30" type="stmt" count="1"/>
        <line num="32" type="stmt" count="1"/>
        <line num="34" type="stmt" count="1"/>
        <line num="36" type="stmt" count="1"/>
        <line num="37" type="stmt" count="1"/>
        <line num="39" type="stmt" count="1"/>
        <line num="46" type="method" name="getOneById" visibility="public" complexity="2" crap="2" count="1"/>
        <line num="48" type="stmt" count="1"/>
        <line num="49" type="stmt" count="1"/>
        <line num="51" type="stmt" count="1"/>
        <line num="52" type="stmt" count="1"/>
        <line num="53" type="stmt" count="1"/>
        <line num="55" type="stmt" count="1"/>
        <line num="62" type="method" name="editAccountAction" visibility="public" complexity="1" crap="1" count="1"/>
        <line num="64" type="stmt" count="1"/>
        <line num="65" type="stmt" count="1"/>
        <line num="66" type="stmt" count="1"/>
        <line num="68" type="stmt" count="1"/>
        <line num="70" type="stmt" count="1"/>
        <line num="72" type="stmt" count="1"/>
        <line num="73" type="stmt" count="1"/>
        <line num="75" type="stmt" count="1"/>
        <line num="76" type="stmt" count="1"/>
        <line num="78" type="stmt" count="1"/>
        <line num="80" type="stmt" count="1"/>
        <line num="87" type="method" name="accountDependentRecords" visibility="public" complexity="7" crap="56.00" count="0"/>
        <line num="89" type="stmt" count="0"/>
        <line num="90" type="stmt" count="0"/>
        <line num="92" type="stmt" count="0"/>
        <line num="95" type="stmt" count="0"/>
        <line num="96" type="stmt" count="0"/>
        <line num="99" type="stmt" count="0"/>
        <line num="100" type="stmt" count="0"/>
        <line num="103" type="stmt" count="0"/>
        <line num="104" type="stmt" count="0"/>
        <line num="107" type="stmt" count="0"/>
        <line num="108" type="stmt" count="0"/>
        <line num="110" type="stmt" count="0"/>
        <line num="111" type="stmt" count="0"/>
        <line num="113" type="stmt" count="0"/>
        <line num="114" type="stmt" count="0"/>
        <line num="116" type="stmt" count="0"/>
        <line num="117" type="stmt" count="0"/>
        <line num="122" type="stmt" count="0"/>
        <line num="124" type="stmt" count="0"/>
        <line num="131" type="method" name="accountDelete" visibility="public" complexity="1" crap="1" count="1"/>
        <line num="133" type="stmt" count="1"/>
        <line num="134" type="stmt" count="1"/>
        <line num="135" type="stmt" count="1"/>
        <line num="136" type="stmt" count="1"/>
        <line num="137" type="stmt" count="1"/>
        <line num="139" type="stmt" count="1"/>
        <line num="140" type="stmt" count="1"/>
        <line num="142" type="stmt" count="1"/>
        <line num="145" type="method" name="fillAccountData" visibility="private" complexity="11" crap="11.84" count="2"/>
        <line num="148" type="stmt" count="2"/>
        <line num="149" type="stmt" count="0"/>
        <line num="152" type="stmt" count="2"/>
        <line num="153" type="stmt" count="2"/>
        <line num="154" type="stmt" count="2"/>
        <line num="157" type="stmt" count="0"/>
        <line num="160" type="stmt" count="2"/>
        <line num="161" type="stmt" count="2"/>
        <line num="162" type="stmt" count="2"/>
        <line num="165" type="stmt" count="0"/>
        <line num="168" type="stmt" count="2"/>
        <line num="169" type="stmt" count="1"/>
        <line num="172" type="stmt" count="2"/>
        <line num="173" type="stmt" count="2"/>
        <line num="176" type="stmt" count="2"/>
        <line num="177" type="stmt" count="1"/>
        <line num="180" type="stmt" count="2"/>
        <line num="181" type="stmt" count="0"/>
        <line num="184" type="stmt" count="2"/>
        <line num="185" type="stmt" count="1"/>
        <line num="187" type="stmt" count="2"/>
        <metrics loc="188" ncloc="163" classes="1" methods="6" coveredmethods="4" conditionals="0" coveredconditionals="0" statements="76" coveredstatements="53" elements="82" coveredelements="57"/>
      </file>
      <file name="/var/www/src/AppBundle/Controller/Report/ActionController.php">
        <class name="AppBundle\Controller\Report\ActionController" namespace="AppBundle\Controller\Report">
          <metrics complexity="9" methods="3" coveredmethods="2" conditionals="0" coveredconditionals="0" statements="28" coveredstatements="22" elements="31" coveredelements="24"/>
        </class>
        <line num="19" type="method" name="updateAction" visibility="public" complexity="2" crap="2" count="2"/>
        <line num="21" type="stmt" count="2"/>
        <line num="22" type="stmt" count="2"/>
        <line num="24" type="stmt" count="1"/>
        <line num="25" type="stmt" count="1"/>
        <line num="26" type="stmt" count="1"/>
        <line num="27" type="stmt" count="1"/>
        <line num="30" type="stmt" count="1"/>
        <line num="31" type="stmt" count="1"/>
        <line num="32" type="stmt" count="1"/>
        <line num="34" type="stmt" count="1"/>
        <line num="35" type="stmt" count="1"/>
        <line num="37" type="stmt" count="1"/>
        <line num="46" type="method" name="getOneById" visibility="public" complexity="2" crap="6.00" count="0"/>
        <line num="48" type="stmt" count="0"/>
        <line num="49" type="stmt" count="0"/>
        <line num="51" type="stmt" count="0"/>
        <line num="52" type="stmt" count="0"/>
        <line num="53" type="stmt" count="0"/>
        <line num="55" type="stmt" count="0"/>
        <line num="64" type="method" name="updateEntity" visibility="private" complexity="5" crap="5" count="1"/>
        <line num="66" type="stmt" count="1"/>
        <line num="67" type="stmt" count="1"/>
        <line num="70" type="stmt" count="1"/>
        <line num="71" type="stmt" count="1"/>
        <line num="74" type="stmt" count="1"/>
        <line num="75" type="stmt" count="1"/>
        <line num="78" type="stmt" count="1"/>
        <line num="79" type="stmt" count="1"/>
        <line num="82" type="stmt" count="1"/>
        <line num="84" type="stmt" count="1"/>
        <metrics loc="86" ncloc="70" classes="1" methods="3" coveredmethods="2" conditionals="0" coveredconditionals="0" statements="28" coveredstatements="22" elements="31" coveredelements="24"/>
      </file>
      <file name="/var/www/src/AppBundle/Controller/Report/AssetController.php">
        <class name="AppBundle\Controller\Report\AssetController" namespace="AppBundle\Controller\Report">
          <metrics complexity="11" methods="5" coveredmethods="4" conditionals="0" coveredconditionals="0" statements="56" coveredstatements="46" elements="61" coveredelements="50"/>
        </class>
        <line num="19" type="method" name="getOneById" visibility="public" complexity="2" crap="2" count="2"/>
        <line num="21" type="stmt" count="2"/>
        <line num="22" type="stmt" count="2"/>
        <line num="24" type="stmt" count="2"/>
        <line num="25" type="stmt" count="2"/>
        <line num="27" type="stmt" count="1"/>
        <line num="28" type="stmt" count="1"/>
        <line num="29" type="stmt" count="1"/>
        <line num="31" type="stmt" count="1"/>
        <line num="38" type="method" name="add" visibility="public" complexity="1" crap="1" count="3"/>
        <line num="40" type="stmt" count="3"/>
        <line num="42" type="stmt" count="3"/>
        <line num="43" type="stmt" count="3"/>
        <line num="44" type="stmt" count="2"/>
        <line num="45" type="stmt" count="2"/>
        <line num="47" type="stmt" count="2"/>
        <line num="48" type="stmt" count="2"/>
        <line num="49" type="stmt" count="2"/>
        <line num="51" type="stmt" count="2"/>
        <line num="53" type="stmt" count="2"/>
        <line num="54" type="stmt" count="2"/>
        <line num="56" type="stmt" count="2"/>
        <line num="57" type="stmt" count="2"/>
        <line num="59" type="stmt" count="2"/>
        <line num="66" type="method" name="edit" visibility="public" complexity="1" crap="2.00" count="0"/>
        <line num="68" type="stmt" count="0"/>
        <line num="70" type="stmt" count="0"/>
        <line num="71" type="stmt" count="0"/>
        <line num="73" type="stmt" count="0"/>
        <line num="74" type="stmt" count="0"/>
        <line num="76" type="stmt" count="0"/>
        <line num="77" type="stmt" count="0"/>
        <line num="79" type="stmt" count="0"/>
        <line num="80" type="stmt" count="0"/>
        <line num="82" type="stmt" count="0"/>
        <line num="89" type="method" name="delete" visibility="public" complexity="1" crap="1" count="2"/>
        <line num="91" type="stmt" count="2"/>
        <line num="92" type="stmt" count="2"/>
        <line num="94" type="stmt" count="2"/>
        <line num="95" type="stmt" count="2"/>
        <line num="97" type="stmt" count="1"/>
        <line num="98" type="stmt" count="1"/>
        <line num="100" type="stmt" count="1"/>
        <line num="101" type="stmt" count="1"/>
        <line num="103" type="stmt" count="1"/>
        <line num="106" type="method" name="updateEntityWithData" visibility="private" complexity="6" crap="6" count="2"/>
        <line num="109" type="stmt" count="2"/>
        <line num="110" type="stmt" count="2"/>
        <line num="113" type="stmt" count="2"/>
        <line num="114" type="stmt" count="1"/>
        <line num="115" type="stmt" count="1"/>
        <line num="119" type="stmt" count="1"/>
        <line num="120" type="stmt" count="1"/>
        <line num="124" type="stmt" count="2"/>
        <line num="125" type="stmt" count="1"/>
        <line num="126" type="stmt" count="1"/>
        <line num="141" type="stmt" count="1"/>
        <line num="142" type="stmt" count="1"/>
        <line num="143" type="stmt" count="1"/>
        <line num="144" type="stmt" count="1"/>
        <line num="147" type="stmt" count="2"/>
        <metrics loc="148" ncloc="129" classes="1" methods="5" coveredmethods="4" conditionals="0" coveredconditionals="0" statements="56" coveredstatements="46" elements="61" coveredelements="50"/>
      </file>
      <file name="/var/www/src/AppBundle/Controller/Report/ContactController.php">
        <class name="AppBundle\Controller\Report\ContactController" namespace="AppBundle\Controller\Report">
          <metrics complexity="7" methods="4" coveredmethods="3" conditionals="0" coveredconditionals="0" statements="50" coveredstatements="49" elements="54" coveredelements="52"/>
        </class>
        <line num="23" type="method" name="getOneById" visibility="public" complexity="2" crap="2" count="2"/>
        <line num="25" type="stmt" count="2"/>
        <line num="26" type="stmt" count="2"/>
        <line num="27" type="stmt" count="2"/>
        <line num="29" type="stmt" count="2"/>
        <line num="30" type="stmt" count="2"/>
        <line num="32" type="stmt" count="1"/>
        <line num="39" type="method" name="deleteContact" visibility="public" complexity="1" crap="1" count="2"/>
        <line num="41" type="stmt" count="2"/>
        <line num="42" type="stmt" count="2"/>
        <line num="43" type="stmt" count="2"/>
        <line num="45" type="stmt" count="1"/>
        <line num="46" type="stmt" count="1"/>
        <line num="48" type="stmt" count="1"/>
        <line num="49" type="stmt" count="1"/>
        <line num="51" type="stmt" count="1"/>
        <line num="58" type="method" name="upsertContact" visibility="public" complexity="2" crap="2" count="4"/>
        <line num="60" type="stmt" count="4"/>
        <line num="62" type="stmt" count="4"/>
        <line num="63" type="stmt" count="3"/>
        <line num="64" type="stmt" count="3"/>
        <line num="66" type="stmt" count="3"/>
        <line num="67" type="stmt" count="3"/>
        <line num="68" type="stmt" count="2"/>
        <line num="69" type="stmt" count="2"/>
        <line num="71" type="stmt" count="2"/>
        <line num="72" type="stmt" count="2"/>
        <line num="74" type="stmt" count="2"/>
        <line num="75" type="stmt" count="2"/>
        <line num="76" type="stmt" count="2"/>
        <line num="79" type="stmt" count="3"/>
        <line num="80" type="stmt" count="3"/>
        <line num="90" type="stmt" count="2"/>
        <line num="91" type="stmt" count="2"/>
        <line num="92" type="stmt" count="2"/>
        <line num="93" type="stmt" count="2"/>
        <line num="94" type="stmt" count="2"/>
        <line num="95" type="stmt" count="2"/>
        <line num="96" type="stmt" count="2"/>
        <line num="97" type="stmt" count="2"/>
        <line num="98" type="stmt" count="2"/>
[...]
        </class>
        <line num="22" type="method" name="__construct" visibility="public" complexity="1" crap="2.00" count="0"/>
        <line num="24" type="stmt" count="0"/>
        <line num="25" type="stmt" count="0"/>
        <line num="26" type="stmt" count="0"/>
        <line num="32" type="method" name="createFromDto" visibility="public" complexity="1" crap="2.00" count="0"/>
        <line num="34" type="stmt" count="0"/>
        <line num="35" type="stmt" count="0"/>
        <line num="37" type="stmt" count="0"/>
        <line num="39" type="stmt" count="0"/>
        <line num="46" type="method" name="convertDtoToArray" visibility="private" complexity="1" crap="2.00" count="0"/>
        <line num="49" type="stmt" count="0"/>
        <line num="50" type="stmt" count="0"/>
        <line num="51" type="stmt" count="0"/>
        <line num="52" type="stmt" count="0"/>
        <line num="53" type="stmt" count="0"/>
        <line num="54" type="stmt" count="0"/>
        <line num="55" type="stmt" count="0"/>
        <line num="56" type="stmt" count="0"/>
        <line num="57" type="stmt" count="0"/>
        <line num="58" type="stmt" count="0"/>
        <line num="63" type="method" name="throwExceptionOnInvalidEntity" visibility="private" complexity="2" crap="6.00" count="0"/>
        <line num="65" type="stmt" count="0"/>
        <line num="67" type="stmt" count="0"/>
        <line num="68" type="stmt" count="0"/>
        <line num="69" type="stmt" count="0"/>
        <line num="72" type="stmt" count="0"/>
        <metrics loc="73" ncloc="58" classes="1" methods="4" coveredmethods="0" conditionals="0" coveredconditionals="0" statements="22" coveredstatements="0" elements="26" coveredelements="0"/>
      </file>
      <file name="/var/www/src/AppBundle/v2/Registration/SelfRegistration/Factory/LayDeputyshipDtoCollectionAssemblerFactory.php">
        <class name="AppBundle\v2\Registration\SelfRegistration\Factory\LayDeputyshipDtoCollectionAssemblerFactory" namespace="AppBundle\v2\Registration\SelfRegistration\Factory">
          <metrics complexity="7" methods="3" coveredmethods="0" conditionals="0" coveredconditionals="0" statements="12" coveredstatements="0" elements="15" coveredelements="0"/>
        </class>
        <line num="18" type="method" name="create" visibility="public" complexity="1" crap="2.00" count="0"/>
        <line num="20" type="stmt" count="0"/>
        <line num="21" type="stmt" count="0"/>
        <line num="23" type="stmt" count="0"/>
        <line num="26" type="method" name="determineSource" visibility="private" complexity="3" crap="12.00" count="0"/>
        <line num="29" type="stmt" count="0"/>
        <line num="30" type="stmt" count="0"/>
        <line num="34" type="stmt" count="0"/>
        <line num="35" type="stmt" count="0"/>
        <line num="38" type="stmt" count="0"/>
        <line num="41" type="method" name="buildAssemblerBySourceType" visibility="private" complexity="3" crap="12.00" count="0"/>
        <line num="43" type="stmt" count="0"/>
        <line num="45" type="stmt" count="0"/>
        <line num="47" type="stmt" count="0"/>
        <line num="49" type="stmt" count="0"/>
        <metrics loc="52" ncloc="44" classes="1" methods="3" coveredmethods="0" conditionals="0" coveredconditionals="0" statements="12" coveredstatements="0" elements="15" coveredelements="0"/>
      </file>
    </package>
    <package name="AppBundle\v2\Registration\Uploader">
      <file name="/var/www/src/AppBundle/v2/Registration/Uploader/LayDeputyshipUploader.php">
        <class name="AppBundle\v2\Registration\Uploader\LayDeputyshipUploader" namespace="AppBundle\v2\Registration\Uploader">
          <metrics complexity="12" methods="6" coveredmethods="0" conditionals="0" coveredconditionals="0" statements="45" coveredstatements="0" elements="51" coveredelements="0"/>
        </class>
        <line num="42" type="method" name="__construct" visibility="public" complexity="1" crap="2.00" count="0"/>
        <line num="47" type="stmt" count="0"/>
        <line num="48" type="stmt" count="0"/>
        <line num="49" type="stmt" count="0"/>
        <line num="50" type="stmt" count="0"/>
        <line num="56" type="method" name="upload" visibility="public" complexity="4" crap="20.00" count="0"/>
        <line num="58" type="stmt" count="0"/>
        <line num="60" type="stmt" count="0"/>
        <line num="61" type="stmt" count="0"/>
        <line num="64" type="stmt" count="0"/>
        <line num="66" type="stmt" count="0"/>
        <line num="69" type="stmt" count="0"/>
        <line num="70" type="stmt" count="0"/>
        <line num="71" type="stmt" count="0"/>
        <line num="72" type="stmt" count="0"/>
        <line num="73" type="stmt" count="0"/>
        <line num="74" type="stmt" count="0"/>
        <line num="79" type="stmt" count="0"/>
        <line num="80" type="stmt" count="0"/>
        <line num="82" type="stmt" count="0"/>
        <line num="83" type="stmt" count="0"/>
        <line num="87" type="stmt" count="0"/>
        <line num="88" type="stmt" count="0"/>
        <line num="89" type="stmt" count="0"/>
        <line num="90" type="stmt" count="0"/>
        <line num="97" type="method" name="throwExceptionIfDataTooLarge" visibility="private" complexity="2" crap="6.00" count="0"/>
        <line num="99" type="stmt" count="0"/>
        <line num="100" type="stmt" count="0"/>
        <line num="101" type="stmt" count="0"/>
        <line num="102" type="stmt" count="0"/>
        <line num="105" type="stmt" count="0"/>
        <line num="112" type="method" name="createAndPersistNewCasRecEntity" visibility="private" complexity="1" crap="2.00" count="0"/>
        <line num="114" type="stmt" count="0"/>
        <line num="116" type="stmt" count="0"/>
        <line num="118" type="stmt" count="0"/>
        <line num="125" type="method" name="updateReportTypes" visibility="private" complexity="3" crap="12.00" count="0"/>
        <line num="127" type="stmt" count="0"/>
        <line num="128" type="stmt" count="0"/>
        <line num="130" type="stmt" count="0"/>
        <line num="131" type="stmt" count="0"/>
        <line num="132" type="stmt" count="0"/>
        <line num="133" type="stmt" count="0"/>
        <line num="135" type="stmt" count="0"/>
        <line num="136" type="stmt" count="0"/>
        <line num="137" type="stmt" count="0"/>
        <line num="141" type="stmt" count="0"/>
        <line num="149" type="method" name="commitTransactionToDatabase" visibility="private" complexity="1" crap="2.00" count="0"/>
        <line num="151" type="stmt" count="0"/>
        <line num="152" type="stmt" count="0"/>
        <line num="153" type="stmt" count="0"/>
        <line num="154" type="stmt" count="0"/>
        <metrics loc="155" ncloc="122" classes="1" methods="6" coveredmethods="0" conditionals="0" coveredconditionals="0" statements="45" coveredstatements="0" elements="51" coveredelements="0"/>
      </file>
    </package>
    <package name="AppBundle\v2\Transformer">
      <file name="/var/www/src/AppBundle/v2/Transformer/ClientTransformer.php">
        <class name="AppBundle\v2\Transformer\ClientTransformer" namespace="AppBundle\v2\Transformer">
          <metrics complexity="20" methods="8" coveredmethods="0" conditionals="0" coveredconditionals="0" statements="34" coveredstatements="0" elements="42" coveredelements="0"/>
        </class>
        <line num="32" type="method" name="__construct" visibility="public" complexity="1" crap="2.00" count="0"/>
        <line num="38" type="stmt" count="0"/>
        <line num="39" type="stmt" count="0"/>
        <line num="40" type="stmt" count="0"/>
        <line num="41" type="stmt" count="0"/>
        <line num="42" type="stmt" count="0"/>
        <line num="49" type="method" name="transform" visibility="public" complexity="8" crap="72.00" count="0"/>
        <line num="52" type="stmt" count="0"/>
        <line num="53" type="stmt" count="0"/>
        <line num="54" type="stmt" count="0"/>
        <line num="55" type="stmt" count="0"/>
        <line num="56" type="stmt" count="0"/>
        <line num="57" type="stmt" count="0"/>
        <line num="58" type="stmt" count="0"/>
        <line num="59" type="stmt" count="0"/>
        <line num="62" type="stmt" count="0"/>
        <line num="63" type="stmt" count="0"/>
        <line num="66" type="stmt" count="0"/>
        <line num="67" type="stmt" count="0"/>
        <line num="70" type="stmt" count="0"/>
        <line num="71" type="stmt" count="0"/>
        <line num="74" type="stmt" count="0"/>
        <line num="75" type="stmt" count="0"/>
        <line num="78" type="stmt" count="0"/>
        <line num="85" type="method" name="transformArchivedAt" visibility="private" complexity="2" crap="6.00" count="0"/>
        <line num="87" type="stmt" count="0"/>
        <line num="94" type="method" name="transformDeletedAt" visibility="private" complexity="2" crap="6.00" count="0"/>
        <line num="96" type="stmt" count="0"/>
        <line num="103" type="method" name="transformReports" visibility="private" complexity="4" crap="20.00" count="0"/>
        <line num="105" type="stmt" count="0"/>
        <line num="106" type="stmt" count="0"/>
        <line num="109" type="stmt" count="0"/>
        <line num="111" type="stmt" count="0"/>
        <line num="112" type="stmt" count="0"/>
        <line num="113" type="stmt" count="0"/>
        <line num="117" type="stmt" count="0"/>
        <line num="124" type="method" name="transformOrganisation" visibility="private" complexity="1" crap="2.00" count="0"/>
        <line num="126" type="stmt" count="0"/>
        <line num="133" type="method" name="transformNdr" visibility="private" complexity="1" crap="2.00" count="0"/>
        <line num="135" type="stmt" count="0"/>
        <line num="142" type="method" name="transformNamedDeputy" visibility="private" complexity="1" crap="2.00" count="0"/>
        <line num="144" type="stmt" count="0"/>
        <metrics loc="146" ncloc="107" classes="1" methods="8" coveredmethods="0" conditionals="0" coveredconditionals="0" statements="34" coveredstatements="0" elements="42" coveredelements="0"/>
      </file>
      <file name="/var/www/src/AppBundle/v2/Transformer/DeputyTransformer.php">
        <class name="AppBundle\v2\Transformer\DeputyTransformer" namespace="AppBundle\v2\Transformer">
          <metrics complexity="8" methods="3" coveredmethods="0" conditionals="0" coveredconditionals="0" statements="22" coveredstatements="0" elements="25" coveredelements="0"/>
        </class>
        <line num="16" type="method" name="__construct" visibility="public" complexity="1" crap="2.00" count="0"/>
        <line num="18" type="stmt" count="0"/>
        <line num="19" type="stmt" count="0"/>
        <line num="26" type="method" name="transform" visibility="public" complexity="3" crap="12.00" count="0"/>
        <line num="29" type="stmt" count="0"/>
        <line num="30" type="stmt" count="0"/>
        <line num="31" type="stmt" count="0"/>
        <line num="32" type="stmt" count="0"/>
        <line num="33" type="stmt" count="0"/>
        <line num="34" type="stmt" count="0"/>
        <line num="35" type="stmt" count="0"/>
        <line num="36" type="stmt" count="0"/>
        <line num="37" type="stmt" count="0"/>
        <line num="38" type="stmt" count="0"/>
        <line num="41" type="stmt" count="0"/>
        <line num="42" type="stmt" count="0"/>
        <line num="45" type="stmt" count="0"/>
        <line num="52" type="method" name="transformClients" visibility="private" complexity="4" crap="20.00" count="0"/>
        <line num="54" type="stmt" count="0"/>
        <line num="55" type="stmt" count="0"/>
        <line num="58" type="stmt" count="0"/>
        <line num="60" type="stmt" count="0"/>
        <line num="61" type="stmt" count="0"/>
        <line num="62" type="stmt" count="0"/>
        <line num="66" type="stmt" count="0"/>
        <metrics loc="68" ncloc="55" classes="1" methods="3" coveredmethods="0" conditionals="0" coveredconditionals="0" statements="22" coveredstatements="0" elements="25" coveredelements="0"/>
      </file>
      <file name="/var/www/src/AppBundle/v2/Transformer/NamedDeputyTransformer.php">
        <class name="AppBundle\v2\Transformer\NamedDeputyTransformer" namespace="AppBundle\v2\Transformer">
          <metrics complexity="1" methods="1" coveredmethods="0" conditionals="0" coveredconditionals="0" statements="18" coveredstatements="0" elements="19" coveredelements="0"/>
        </class>
        <line num="14" type="method" name="transform" visibility="public" complexity="1" crap="2.00" count="0"/>
        <line num="17" type="stmt" count="0"/>
        <line num="18" type="stmt" count="0"/>
        <line num="19" type="stmt" count="0"/>
        <line num="20" type="stmt" count="0"/>
        <line num="21" type="stmt" count="0"/>
        <line num="22" type="stmt" count="0"/>
        <line num="23" type="stmt" count="0"/>
        <line num="24" type="stmt" count="0"/>
        <line num="25" type="stmt" count="0"/>
        <line num="26" type="stmt" count="0"/>
        <line num="27" type="stmt" count="0"/>
        <line num="28" type="stmt" count="0"/>
        <line num="29" type="stmt" count="0"/>
        <line num="30" type="stmt" count="0"/>
        <line num="31" type="stmt" count="0"/>
        <line num="32" type="stmt" count="0"/>
        <line num="33" type="stmt" count="0"/>
        <line num="36" type="stmt" count="0"/>
        <metrics loc="38" ncloc="34" classes="1" methods="1" coveredmethods="0" conditionals="0" coveredconditionals="0" statements="18" coveredstatements="0" elements="19" coveredelements="0"/>
      </file>
      <file name="/var/www/src/AppBundle/v2/Transformer/NdrTransformer.php">
        <class name="AppBundle\v2\Transformer\NdrTransformer" namespace="AppBundle\v2\Transformer">
          <metrics complexity="3" methods="2" coveredmethods="0" conditionals="0" coveredconditionals="0" statements="6" coveredstatements="0" elements="8" coveredelements="0"/>
        </class>
        <line num="13" type="method" name="transform" visibility="public" complexity="1" crap="2.00" count="0"/>
        <line num="16" type="stmt" count="0"/>
        <line num="17" type="stmt" count="0"/>
        <line num="18" type="stmt" count="0"/>
        <line num="19" type="stmt" count="0"/>
        <line num="28" type="method" name="transformDate" visibility="private" complexity="2" crap="6.00" count="0"/>
        <line num="30" type="stmt" count="0"/>
        <line num="32" type="stmt" count="0"/>
        <metrics loc="35" ncloc="26" classes="1" methods="2" coveredmethods="0" conditionals="0" coveredconditionals="0" statements="6" coveredstatements="0" elements="8" coveredelements="0"/>
      </file>
      <file name="/var/www/src/AppBundle/v2/Transformer/OrganisationTransformer.php">
        <class name="AppBundle\v2\Transformer\OrganisationTransformer" namespace="AppBundle\v2\Transformer">
          <metrics complexity="14" methods="4" coveredmethods="0" conditionals="0" coveredconditionals="0" statements="26" coveredstatements="0" elements="30" coveredelements="0"/>
        </class>
        <line num="21" type="method" name="__construct" visibility="public" complexity="1" crap="2.00" count="0"/>
        <line num="23" type="stmt" count="0"/>
        <line num="24" type="stmt" count="0"/>
        <line num="25" type="stmt" count="0"/>
        <line num="32" type="method" name="transform" visibility="public" complexity="5" crap="30.00" count="0"/>
        <line num="35" type="stmt" count="0"/>
        <line num="36" type="stmt" count="0"/>
        <line num="37" type="stmt" count="0"/>
        <line num="38" type="stmt" count="0"/>
        <line num="41" type="stmt" count="0"/>
        <line num="42" type="stmt" count="0"/>
        <line num="45" type="stmt" count="0"/>
        <line num="46" type="stmt" count="0"/>
        <line num="49" type="stmt" count="0"/>
        <line num="56" type="method" name="transformUsers" visibility="private" complexity="4" crap="20.00" count="0"/>
        <line num="58" type="stmt" count="0"/>
        <line num="59" type="stmt" count="0"/>
        <line num="62" type="stmt" count="0"/>
        <line num="64" type="stmt" count="0"/>
        <line num="65" type="stmt" count="0"/>
        <line num="66" type="stmt" count="0"/>
        <line num="70" type="stmt" count="0"/>
        <line num="77" type="method" name="transformClients" visibility="private" complexity="4" crap="20.00" count="0"/>
        <line num="79" type="stmt" count="0"/>
        <line num="80" type="stmt" count="0"/>
        <line num="83" type="stmt" count="0"/>
        <line num="85" type="stmt" count="0"/>
        <line num="86" type="stmt" count="0"/>
        <line num="87" type="stmt" count="0"/>
        <line num="91" type="stmt" count="0"/>
        <metrics loc="93" ncloc="74" classes="1" methods="4" coveredmethods="0" conditionals="0" coveredconditionals="0" statements="26" coveredstatements="0" elements="30" coveredelements="0"/>
      </file>
      <file name="/var/www/src/AppBundle/v2/Transformer/ReportTransformer.php">
        <class name="AppBundle\v2\Transformer\ReportTransformer" namespace="AppBundle\v2\Transformer">
          <metrics complexity="6" methods="3" coveredmethods="0" conditionals="0" coveredconditionals="0" statements="17" coveredstatements="0" elements="20" coveredelements="0"/>
        </class>
        <line num="16" type="method" name="__construct" visibility="public" complexity="1" crap="2.00" count="0"/>
        <line num="18" type="stmt" count="0"/>
        <line num="19" type="stmt" count="0"/>
        <line num="25" type="method" name="transform" visibility="public" complexity="3" crap="12.00" count="0"/>
        <line num="28" type="stmt" count="0"/>
        <line num="29" type="stmt" count="0"/>
        <line num="30" type="stmt" count="0"/>
        <line num="31" type="stmt" count="0"/>
        <line num="32" type="stmt" count="0"/>
        <line num="33" type="stmt" count="0"/>
        <line num="34" type="stmt" count="0"/>
        <line num="35" type="stmt" count="0"/>
        <line num="38" type="stmt" count="0"/>
        <line num="39" type="stmt" count="0"/>
        <line num="42" type="stmt" count="0"/>
        <line num="43" type="stmt" count="0"/>
        <line num="46" type="stmt" count="0"/>
        <line num="54" type="method" name="transformDate" visibility="private" complexity="2" crap="6.00" count="0"/>
        <line num="56" type="stmt" count="0"/>
        <line num="58" type="stmt" count="0"/>
        <metrics loc="60" ncloc="47" classes="1" methods="3" coveredmethods="0" conditionals="0" coveredconditionals="0" statements="17" coveredstatements="0" elements="20" coveredelements="0"/>
      </file>
      <file name="/var/www/src/AppBundle/v2/Transformer/StatusTransformer.php">
        <class name="AppBundle\v2\Transformer\StatusTransformer" namespace="AppBundle\v2\Transformer">
          <metrics complexity="1" methods="1" coveredmethods="0" conditionals="0" coveredconditionals="0" statements="1" coveredstatements="0" elements="2" coveredelements="0"/>
        </class>
        <line num="13" type="method" name="transform" visibility="public" complexity="1" crap="2.00" count="0"/>
        <line num="16" type="stmt" count="0"/>
        <metrics loc="19" ncloc="15" classes="1" methods="1" coveredmethods="0" conditionals="0" coveredconditionals="0" statements="1" coveredstatements="0" elements="2" coveredelements="0"/>
      </file>
    </package>
    <metrics files="266" loc="39887" ncloc="25835" classes="241" methods="2159" coveredmethods="1081" conditionals="0" coveredconditionals="0" statements="8322" coveredstatements="4741" elements="10481" coveredelements="5822"/>
  </project>
</coverage>
